INFO:root:Starting tournament for bit: Probabilistic principal component analysis (PPCA) seeks a low dimensional representation of a data set by solving an eigenvalue problem on the sample covariance matrix, assuming independent spherical Gaussian noise.
INFO:root:Initial Flips: ['Rather than solely utilizing PPCA for low-dimensional representation, employ a Multi-Layer Perceptron (MLP) as an autoencoder. This approach allows for the capturing of non-linear relationships in the data, enhancing the feature extraction process.', 'Instead of PPCA, use Canonical Correlation Analysis (CCA) to find the directions that maximize the correlation between variables. This can be especially useful when the dataset involves multiple types of data, allowing for a richer representation.', 'Forego PPCA in favor of t-Distributed Stochastic Neighbor Embedding (t-SNE) to find a low-dimensional representation. t-SNE excels in preserving local structure and can be particularly useful when clusters in high-dimensional space need to be accurately reflected in the low-dimensional mapping.', 'Instead of solely relying on PPCA, the data variance can be further decomposed into its components through a generalised eigenvalue problem, called residual component analysis (RCA), which considers other factors like sparse conditional dependencies and temporal correlations that leave some residual variance.']
INFO:root:New Round: Remaining Flips: ['Rather than solely utilizing PPCA for low-dimensional representation, employ a Multi-Layer Perceptron (MLP) as an autoencoder. This approach allows for the capturing of non-linear relationships in the data, enhancing the feature extraction process.', 'Instead of PPCA, use Canonical Correlation Analysis (CCA) to find the directions that maximize the correlation between variables. This can be especially useful when the dataset involves multiple types of data, allowing for a richer representation.', 'Forego PPCA in favor of t-Distributed Stochastic Neighbor Embedding (t-SNE) to find a low-dimensional representation. t-SNE excels in preserving local structure and can be particularly useful when clusters in high-dimensional space need to be accurately reflected in the low-dimensional mapping.', 'Instead of solely relying on PPCA, the data variance can be further decomposed into its components through a generalised eigenvalue problem, called residual component analysis (RCA), which considers other factors like sparse conditional dependencies and temporal correlations that leave some residual variance.']
INFO:root:Match between Flip A: Rather than solely utilizing PPCA for low-dimensional representation, employ a Multi-Layer Perceptron (MLP) as an autoencoder. This approach allows for the capturing of non-linear relationships in the data, enhancing the feature extraction process. and Flip B: Instead of PPCA, use Canonical Correlation Analysis (CCA) to find the directions that maximize the correlation between variables. This can be especially useful when the dataset involves multiple types of data, allowing for a richer representation.. Judgement: Evaluation:

**Flip A**
1. Novelty: 4 - The use of an MLP as an autoencoder is not a completely new idea, but its application as an alternative to PPCA for a low-dimensional representation is innovative.
2. Creativity: 4 - This approach creatively leverages the power of neural networks to challenge the status quo.
3. Practicality: 4 - While implementing an MLP autoencoder might require more computational resources and training time than PPCA, it is still a feasible solution in real-world scenarios.

Average Score for Flip A: (4+4+4)/3 = 4.00

**Flip B**
1. Novelty: 3 - Canonical Correlation Analysis is a well-established technique, and its use as an alternative to PPCA is not entirely novel.
2. Creativity: 3 - This approach represents a logical yet creative deviation from the Bit. It does not push the boundaries as much as Flip A.
3. Practicality: 4 - CCA is a versatile and practical solution that can be implemented in many different contexts with various types of data.

Average Score for Flip B: (3+3+4)/3 = 3.33

Therefore, the superior flip is 'Flip A.'. Winner: Rather than solely utilizing PPCA for low-dimensional representation, employ a Multi-Layer Perceptron (MLP) as an autoencoder. This approach allows for the capturing of non-linear relationships in the data, enhancing the feature extraction process.
INFO:root:Match between Flip A: Forego PPCA in favor of t-Distributed Stochastic Neighbor Embedding (t-SNE) to find a low-dimensional representation. t-SNE excels in preserving local structure and can be particularly useful when clusters in high-dimensional space need to be accurately reflected in the low-dimensional mapping. and Flip B: Instead of solely relying on PPCA, the data variance can be further decomposed into its components through a generalised eigenvalue problem, called residual component analysis (RCA), which considers other factors like sparse conditional dependencies and temporal correlations that leave some residual variance.. Judgement: **Flip A Evaluation:**

1. **Novelty**: 5. Introducing t-SNE as an alternative to PPCA provides a new perspective on how to approach the problem of low-dimensional representation.
2. **Creativity**: 4. This Flip creatively challenges the Bit by proposing a completely different method that focuses on preserving local structure.
3. **Practicality**: 4. t-SNE is a well-documented and widely-used technique, making its implementation in real-world scenarios feasible.

**Average Score for Flip A**: (5+4+4)/3 = 4.33

**Flip B Evaluation:**

1. **Novelty**: 4. While RCA also provides a fresh perspective, it is not as drastic a departure from PPCA as t-SNE.
2. **Creativity**: 4. Flip B creatively challenges the Bit by proposing a more complex method that looks into other factors, adding depth to the analysis.
3. **Practicality**: 3. Implementing RCA might be more complex due to the need to consider additional factors like sparse conditional dependencies and temporal correlations.

**Average Score for Flip B**: (4+4+3)/3 = 3.67

Based on the evaluations, the superior Flip is 'Flip A.'. Winner: Forego PPCA in favor of t-Distributed Stochastic Neighbor Embedding (t-SNE) to find a low-dimensional representation. t-SNE excels in preserving local structure and can be particularly useful when clusters in high-dimensional space need to be accurately reflected in the low-dimensional mapping.
INFO:root:New Round: Remaining Flips: ['Rather than solely utilizing PPCA for low-dimensional representation, employ a Multi-Layer Perceptron (MLP) as an autoencoder. This approach allows for the capturing of non-linear relationships in the data, enhancing the feature extraction process.', 'Forego PPCA in favor of t-Distributed Stochastic Neighbor Embedding (t-SNE) to find a low-dimensional representation. t-SNE excels in preserving local structure and can be particularly useful when clusters in high-dimensional space need to be accurately reflected in the low-dimensional mapping.']
INFO:root:Match between Flip A: Rather than solely utilizing PPCA for low-dimensional representation, employ a Multi-Layer Perceptron (MLP) as an autoencoder. This approach allows for the capturing of non-linear relationships in the data, enhancing the feature extraction process. and Flip B: Forego PPCA in favor of t-Distributed Stochastic Neighbor Embedding (t-SNE) to find a low-dimensional representation. t-SNE excels in preserving local structure and can be particularly useful when clusters in high-dimensional space need to be accurately reflected in the low-dimensional mapping.. Judgement: Evaluation:

**Flip A**
1. Novelty: 4 - The use of a Multi-Layer Perceptron (MLP) as an autoencoder introduces a new approach to low-dimensional representation.
2. Creativity: 4 - It challenges the Bit by suggesting a more complex and non-linear method of feature extraction.
3. Practicality: 3 - MLPs as autoencoders can be computationally expensive and may require a lot of data for effective training, but are feasible in scenarios where such resources are available.

Average Score for Flip A: (4+4+3)/3 = 3.67

**Flip B**
1. Novelty: 3 - t-SNE is not a new technique in the field of dimensionality reduction, but its application as a replacement for PPCA is somewhat novel.
2. Creativity: 4 - By preserving local structure better than PPCA, the flip is creatively addressing a limitation of the Bit.
3. Practicality: 4 - t-SNE is computationally more efficient than a deep learning model like an MLP, and is widely used in practice for high-dimensional data visualization.

Average Score for Flip B: (3+4+4)/3 = 3.67

Given the scores, both Flip A and Flip B have the same average score. Therefore, there's no superior Flip based on this evaluation.. Winner: Forego PPCA in favor of t-Distributed Stochastic Neighbor Embedding (t-SNE) to find a low-dimensional representation. t-SNE excels in preserving local structure and can be particularly useful when clusters in high-dimensional space need to be accurately reflected in the low-dimensional mapping.
INFO:root:The winner of the tournament is: Forego PPCA in favor of t-Distributed Stochastic Neighbor Embedding (t-SNE) to find a low-dimensional representation. t-SNE excels in preserving local structure and can be particularly useful when clusters in high-dimensional space need to be accurately reflected in the low-dimensional mapping.
